TI ARM Assembler PC v15.12.1 Mon Jan 30 16:29:48 2017

Tools Copyright (c) 1996-2015 Texas Instruments Incorporated
Task_ReportSysTick.asm                                               PAGE    1

       1                    ;******************************************************************************
       2                    ;* TI ARM C/C++ Codegen                                       PC v15.12.1.LTS *
       3                    ;* Date/Time created: Mon Jan 30 16:29:48 2017                                *
       4                    ;******************************************************************************
       5                            .compiler_opts --abi=eabi --arm_vmrs_si_workaround=off --code_state=16 --diag_wrap=off --disab
       6 00000000                   .thumb
       7                    
       8                    $C$DW$CU        .dwtag  DW_TAG_compile_unit
       9                            .dwattr $C$DW$CU, DW_AT_name("../Tasks/Task_ReportSysTick.c")
      10                            .dwattr $C$DW$CU, DW_AT_producer("TI TI ARM C/C++ Codegen PC v15.12.1.LTS Copyright (c) 1996-2
      11                            .dwattr $C$DW$CU, DW_AT_TI_version(0x01)
      12                            .dwattr $C$DW$CU, DW_AT_comp_dir("H:\EECS_388\TI_ARM_Projects\Program_SpeakerBuzz\Debug")
      13                    
      14                    $C$DW$1 .dwtag  DW_TAG_subprogram
      15                            .dwattr $C$DW$1, DW_AT_name("RIT128x96x4StringDraw")
      16                            .dwattr $C$DW$1, DW_AT_TI_symbol_name("RIT128x96x4StringDraw")
      17                            .dwattr $C$DW$1, DW_AT_declaration
      18                            .dwattr $C$DW$1, DW_AT_external
      19                            .dwattr $C$DW$1, DW_AT_decl_file("H:/EECS_388/TI_ARM_Projects/Program_SpeakerBuzz/Drivers/rit1
      20                            .dwattr $C$DW$1, DW_AT_decl_line(0x23)
      21                            .dwattr $C$DW$1, DW_AT_decl_column(0x0d)
      22                    $C$DW$2 .dwtag  DW_TAG_formal_parameter
      23                            .dwattr $C$DW$2, DW_AT_type(*$C$DW$T$25)
      24                    
      25                    $C$DW$3 .dwtag  DW_TAG_formal_parameter
      26                            .dwattr $C$DW$3, DW_AT_type(*$C$DW$T$13)
      27                    
      28                    $C$DW$4 .dwtag  DW_TAG_formal_parameter
      29                            .dwattr $C$DW$4, DW_AT_type(*$C$DW$T$13)
      30                    
      31                    $C$DW$5 .dwtag  DW_TAG_formal_parameter
      32                            .dwattr $C$DW$5, DW_AT_type(*$C$DW$T$6)
      33                    
      34                            .dwendtag $C$DW$1
      35                    
      36                    
      37                    $C$DW$6 .dwtag  DW_TAG_subprogram
      38                            .dwattr $C$DW$6, DW_AT_name("sprintf")
      39                            .dwattr $C$DW$6, DW_AT_TI_symbol_name("sprintf")
      40                            .dwattr $C$DW$6, DW_AT_type(*$C$DW$T$10)
      41                            .dwattr $C$DW$6, DW_AT_declaration
      42                            .dwattr $C$DW$6, DW_AT_external
      43                            .dwattr $C$DW$6, DW_AT_decl_file("C:/TI_CodeComposer/ccsv6/tools/compiler/ti-cgt-arm_15.12.1.L
      44                            .dwattr $C$DW$6, DW_AT_decl_line(0xf9)
      45                            .dwattr $C$DW$6, DW_AT_decl_column(0x19)
      46                    $C$DW$7 .dwtag  DW_TAG_formal_parameter
      47                            .dwattr $C$DW$7, DW_AT_type(*$C$DW$T$40)
      48                    
      49                    $C$DW$8 .dwtag  DW_TAG_formal_parameter
      50                            .dwattr $C$DW$8, DW_AT_type(*$C$DW$T$25)
      51                    
      52                    $C$DW$9 .dwtag  DW_TAG_unspecified_parameters
      53                    
      54                            .dwendtag $C$DW$6
      55                    
TI ARM Assembler PC v15.12.1 Mon Jan 30 16:29:48 2017

Tools Copyright (c) 1996-2015 Texas Instruments Incorporated
Task_ReportSysTick.asm                                               PAGE    2

      56                    
      57                    $C$DW$10        .dwtag  DW_TAG_subprogram
      58                            .dwattr $C$DW$10, DW_AT_name("Initialize_OLED")
      59                            .dwattr $C$DW$10, DW_AT_TI_symbol_name("Initialize_OLED")
      60                            .dwattr $C$DW$10, DW_AT_declaration
      61                            .dwattr $C$DW$10, DW_AT_external
      62                            .dwattr $C$DW$10, DW_AT_decl_file("../Tasks/Task_ReportSysTick.c")
      63                            .dwattr $C$DW$10, DW_AT_decl_line(0x31)
      64                            .dwattr $C$DW$10, DW_AT_decl_column(0x0d)
      65                            .dwendtag $C$DW$10
      66                    
      67                    $C$DW$11        .dwtag  DW_TAG_variable
      68                            .dwattr $C$DW$11, DW_AT_name("SysTickFrequency_Nbr")
      69                            .dwattr $C$DW$11, DW_AT_TI_symbol_name("SysTickFrequency_Nbr")
      70                            .dwattr $C$DW$11, DW_AT_type(*$C$DW$T$51)
      71                            .dwattr $C$DW$11, DW_AT_declaration
      72                            .dwattr $C$DW$11, DW_AT_external
      73                            .dwattr $C$DW$11, DW_AT_decl_file("../Tasks/Task_ReportSysTick.c")
      74                            .dwattr $C$DW$11, DW_AT_decl_line(0x2e)
      75                            .dwattr $C$DW$11, DW_AT_decl_column(0x12)
      76                    
      77                    $C$DW$12        .dwtag  DW_TAG_variable
      78                            .dwattr $C$DW$12, DW_AT_name("SysTickCount_Nbr")
      79                            .dwattr $C$DW$12, DW_AT_TI_symbol_name("SysTickCount_Nbr")
      80                            .dwattr $C$DW$12, DW_AT_type(*$C$DW$T$51)
      81                            .dwattr $C$DW$12, DW_AT_declaration
      82                            .dwattr $C$DW$12, DW_AT_external
      83                            .dwattr $C$DW$12, DW_AT_decl_file("../Tasks/Task_ReportSysTick.c")
      84                            .dwattr $C$DW$12, DW_AT_decl_line(0x2f)
      85                            .dwattr $C$DW$12, DW_AT_decl_column(0x12)
      86                    
      87 00000000                   .data
      88                            .align  4
      89                            .elfsym Task_ReportSysTick_NextExecute,SYM_SIZE(4)
      90 00000000           Task_ReportSysTick_NextExecute:
      91 00000000 00000000          .bits   0,32                    ; Task_ReportSysTick_NextExecute @ 0
      92                    
      93                    $C$DW$13        .dwtag  DW_TAG_variable
      94                            .dwattr $C$DW$13, DW_AT_name("Task_ReportSysTick_NextExecute")
      95                            .dwattr $C$DW$13, DW_AT_TI_symbol_name("Task_ReportSysTick_NextExecute")
      96                            .dwattr $C$DW$13, DW_AT_type(*$C$DW$T$51)
      97                            .dwattr $C$DW$13, DW_AT_location[DW_OP_addr Task_ReportSysTick_NextExecute]
      98                            .dwattr $C$DW$13, DW_AT_decl_file("../Tasks/Task_ReportSysTick.c")
      99                            .dwattr $C$DW$13, DW_AT_decl_line(0x39)
     100                            .dwattr $C$DW$13, DW_AT_decl_column(0x11)
     101                    
     102 00000000                   .bss    Task_ReportSysTick_DeltaExecute,4,4
     103                    $C$DW$14        .dwtag  DW_TAG_variable
     104                            .dwattr $C$DW$14, DW_AT_name("Task_ReportSysTick_DeltaExecute")
     105                            .dwattr $C$DW$14, DW_AT_TI_symbol_name("Task_ReportSysTick_DeltaExecute")
     106                            .dwattr $C$DW$14, DW_AT_type(*$C$DW$T$51)
     107                            .dwattr $C$DW$14, DW_AT_location[DW_OP_addr Task_ReportSysTick_DeltaExecute]
     108                            .dwattr $C$DW$14, DW_AT_decl_file("../Tasks/Task_ReportSysTick.c")
     109                            .dwattr $C$DW$14, DW_AT_decl_line(0x3a)
     110                            .dwattr $C$DW$14, DW_AT_decl_column(0x11)
TI ARM Assembler PC v15.12.1 Mon Jan 30 16:29:48 2017

Tools Copyright (c) 1996-2015 Texas Instruments Incorporated
Task_ReportSysTick.asm                                               PAGE    3

     111                    
     112 00000004                   .data
     113                            .align  1
     114                            .elfsym Task_ReportSysTick_Initialized,SYM_SIZE(1)
     115 00000004           Task_ReportSysTick_Initialized:
     116 00000004 00000000          .bits   0,8                     ; Task_ReportSysTick_Initialized @ 0
     117                    
     118                    $C$DW$15        .dwtag  DW_TAG_variable
     119                            .dwattr $C$DW$15, DW_AT_name("Task_ReportSysTick_Initialized")
     120                            .dwattr $C$DW$15, DW_AT_TI_symbol_name("Task_ReportSysTick_Initialized")
     121                            .dwattr $C$DW$15, DW_AT_type(*$C$DW$T$69)
     122                            .dwattr $C$DW$15, DW_AT_location[DW_OP_addr Task_ReportSysTick_Initialized]
     123                            .dwattr $C$DW$15, DW_AT_decl_file("../Tasks/Task_ReportSysTick.c")
     124                            .dwattr $C$DW$15, DW_AT_decl_line(0x3b)
     125                            .dwattr $C$DW$15, DW_AT_decl_column(0x0e)
     126                    
     127 00000005                   .data
     128                            .align  4
     129                            .elfsym Task_ReportSysTick_Status,SYM_SIZE(4)
     130 00000008           Task_ReportSysTick_Status:
     131 00000008 00000000          .bits   0,32                    ; Task_ReportSysTick_Status @ 0
     132                    
     133                    $C$DW$16        .dwtag  DW_TAG_variable
     134                            .dwattr $C$DW$16, DW_AT_name("Task_ReportSysTick_Status")
     135                            .dwattr $C$DW$16, DW_AT_TI_symbol_name("Task_ReportSysTick_Status")
     136                            .dwattr $C$DW$16, DW_AT_type(*$C$DW$T$51)
     137                            .dwattr $C$DW$16, DW_AT_location[DW_OP_addr Task_ReportSysTick_Status]
     138                            .dwattr $C$DW$16, DW_AT_decl_file("../Tasks/Task_ReportSysTick.c")
     139                            .dwattr $C$DW$16, DW_AT_decl_line(0x3c)
     140                            .dwattr $C$DW$16, DW_AT_decl_column(0x11)
     141                    
     142                    ;       C:\TI_CodeComposer\ccsv6\tools\compiler\ti-cgt-arm_15.12.1.LTS\bin\armacpia.exe -@C:\\Users\\a
     143 00000000                   .sect   ".text"
     144                            .clink
     145                            .thumbfunc Task_ReportSysTick
     146 00000000                   .thumb
     147                            .global Task_ReportSysTick
     148                    
     149                    $C$DW$17        .dwtag  DW_TAG_subprogram
     150                            .dwattr $C$DW$17, DW_AT_name("Task_ReportSysTick")
     151                            .dwattr $C$DW$17, DW_AT_low_pc(Task_ReportSysTick)
     152                            .dwattr $C$DW$17, DW_AT_high_pc(0x00)
     153                            .dwattr $C$DW$17, DW_AT_TI_symbol_name("Task_ReportSysTick")
     154                            .dwattr $C$DW$17, DW_AT_external
     155                            .dwattr $C$DW$17, DW_AT_TI_begin_file("../Tasks/Task_ReportSysTick.c")
     156                            .dwattr $C$DW$17, DW_AT_TI_begin_line(0x3f)
     157                            .dwattr $C$DW$17, DW_AT_TI_begin_column(0x0d)
     158                            .dwattr $C$DW$17, DW_AT_decl_file("../Tasks/Task_ReportSysTick.c")
     159                            .dwattr $C$DW$17, DW_AT_decl_line(0x3f)
     160                            .dwattr $C$DW$17, DW_AT_decl_column(0x0d)
     161                            .dwattr $C$DW$17, DW_AT_TI_max_frame_size(0x20)
     162                            .dwpsn  file "../Tasks/Task_ReportSysTick.c",line 63,column 34,is_stmt,address Task_ReportSysT
     163                    
     164                            .dwfde $C$DW$CIE, Task_ReportSysTick
     165                    
TI ARM Assembler PC v15.12.1 Mon Jan 30 16:29:48 2017

Tools Copyright (c) 1996-2015 Texas Instruments Incorporated
Task_ReportSysTick.asm                                               PAGE    4

     166                    ;*****************************************************************************
     167                    ;* FUNCTION NAME: Task_ReportSysTick                                         *
     168                    ;*                                                                           *
     169                    ;*   Regs Modified     : A1,A2,A3,A4,V9,SP,LR,SR                             *
     170                    ;*   Regs Used         : A1,A2,A3,A4,V9,SP,LR,SR                             *
     171                    ;*   Local Frame Size  : 0 Args + 24 Auto + 4 Save = 28 byte                 *
     172                    ;*****************************************************************************
     173 00000000           Task_ReportSysTick:
     174                    ;* --------------------------------------------------------------------------*
     175                            .dwcfi  cfa_offset, 0
     176 00000000 B500              PUSH      {LR}                  ; [DPU_3_PIPE]  ; [ORIG 16-BIT INS]
     177                            .dwcfi  cfa_offset, 4
     178                            .dwcfi  save_reg_to_mem, 14, -4
     179 00000002 0D1CF1AD          SUB       SP, SP, #28           ; [DPU_3_PIPE]  ; [KEEP 32-BIT INS]
     180                            .dwcfi  cfa_offset, 32
     181                            .dwpsn  file "../Tasks/Task_ReportSysTick.c",line 65,column 2,is_stmt,isa 1
     182 00000006 4821              LDR       A1, $C$CON1           ; [DPU_3_PIPE] |65|  ; [ORIG 16-BIT INS]
     183 00000008 7800              LDRB      A1, [A1, #0]          ; [DPU_3_PIPE] |65|  ; [ORIG 16-BIT INS]
     184 0000000a B9B0              CBNZ      A1, ||$C$L1||         ; []  ; [ORIG 16-BIT INS]
     185                            ; BRANCHCC OCCURS {||$C$L1||}    ; [] |65| 
     186                    ;* --------------------------------------------------------------------------*
     187                            .dwpsn  file "../Tasks/Task_ReportSysTick.c",line 67,column 3,is_stmt,isa 1
     188                    $C$DW$18        .dwtag  DW_TAG_TI_branch
     189                            .dwattr $C$DW$18, DW_AT_low_pc(0x00)
     190                            .dwattr $C$DW$18, DW_AT_name("Initialize_OLED")
     191                            .dwattr $C$DW$18, DW_AT_TI_call
     192                    
     193 0000000c FFFEF7FF!         BL        Initialize_OLED       ; [DPU_3_PIPE] |67|  ; [KEEP 32-BIT INS]
     194                            ; CALL OCCURS {Initialize_OLED }  ; [] |67| 
     195                            .dwpsn  file "../Tasks/Task_ReportSysTick.c",line 70,column 6,is_stmt,isa 1
     196 00000010 4820              LDR       A1, $C$CON3           ; [DPU_3_PIPE] |70|  ; [ORIG 16-BIT INS]
     197 00000012 491F              LDR       A2, $C$CON2           ; [DPU_3_PIPE] |70|  ; [ORIG 16-BIT INS]
     198 00000014 6802              LDR       A3, [A1, #0]          ; [DPU_3_PIPE] |70|  ; [ORIG 16-BIT INS]
     199 00000016 737AF44F          MOV       A4, #1000             ; [DPU_3_PIPE] |70|  ; [KEEP 32-BIT INS]
     200 0000001a 70FAF44F          MOV       A1, #500              ; [DPU_3_PIPE] |70|  ; [KEEP 32-BIT INS]
     201 0000001e 4350              MULS      A1, A1, A3            ; [DPU_3_PIPE] |70|  ; [ORIG 16-BIT INS]
     202 00000020 F0F3FBB0          UDIV      A1, A1, A4            ; [DPU_3_PIPE] |70|  ; [KEEP 32-BIT INS]
     203 00000024 6008              STR       A1, [A2, #0]          ; [DPU_3_PIPE] |70|  ; [ORIG 16-BIT INS]
     204                            .dwpsn  file "../Tasks/Task_ReportSysTick.c",line 71,column 3,is_stmt,isa 1
     205 00000026 491D              LDR       A2, $C$CON5           ; [DPU_3_PIPE] |71|  ; [ORIG 16-BIT INS]
     206 00000028 4819              LDR       A1, $C$CON2           ; [DPU_3_PIPE] |71|  ; [ORIG 16-BIT INS]
     207 0000002a 680A              LDR       A3, [A2, #0]          ; [DPU_3_PIPE] |71|  ; [ORIG 16-BIT INS]
     208 0000002c 6800              LDR       A1, [A1, #0]          ; [DPU_3_PIPE] |71|  ; [ORIG 16-BIT INS]
     209 0000002e 491A              LDR       A2, $C$CON4           ; [DPU_3_PIPE] |71|  ; [ORIG 16-BIT INS]
     210 00000030 1880              ADDS      A1, A1, A3            ; [DPU_3_PIPE] |71|  ; [ORIG 16-BIT INS]
     211 00000032 6008              STR       A1, [A2, #0]          ; [DPU_3_PIPE] |71|  ; [ORIG 16-BIT INS]
     212                            .dwpsn  file "../Tasks/Task_ReportSysTick.c",line 76,column 3,is_stmt,isa 1
     213 00000034 4915              LDR       A2, $C$CON1           ; [DPU_3_PIPE] |76|  ; [ORIG 16-BIT INS]
     214 00000036 2001              MOVS      A1, #1                ; [DPU_3_PIPE] |76|  ; [ORIG 16-BIT INS]
     215 00000038 7008              STRB      A1, [A2, #0]          ; [DPU_3_PIPE] |76|  ; [ORIG 16-BIT INS]
     216                    ;* --------------------------------------------------------------------------*
     217 0000003a           ||$C$L1||:    
     218                            .dwpsn  file "../Tasks/Task_ReportSysTick.c",line 86,column 2,is_stmt,isa 1
     219 0000003a 4817              LDR       A1, $C$CON4           ; [DPU_3_PIPE] |86|  ; [ORIG 16-BIT INS]
     220 0000003c 4917              LDR       A2, $C$CON5           ; [DPU_3_PIPE] |86|  ; [ORIG 16-BIT INS]
TI ARM Assembler PC v15.12.1 Mon Jan 30 16:29:48 2017

Tools Copyright (c) 1996-2015 Texas Instruments Incorporated
Task_ReportSysTick.asm                                               PAGE    5

     221 0000003e 6800              LDR       A1, [A1, #0]          ; [DPU_3_PIPE] |86|  ; [ORIG 16-BIT INS]
     222 00000040 6809              LDR       A2, [A2, #0]          ; [DPU_3_PIPE] |86|  ; [ORIG 16-BIT INS]
     223 00000042 4288              CMP       A1, A2                ; [DPU_3_PIPE] |86|  ; [ORIG 16-BIT INS]
     224 00000044 D818              BHI       ||$C$L2||             ; [DPU_3_PIPE] |86|  ; [ORIG 16-BIT INS]
     225                            ; BRANCHCC OCCURS {||$C$L2||}    ; [] |86| 
     226                    ;* --------------------------------------------------------------------------*
     227                    
     228                    $C$DW$19        .dwtag  DW_TAG_lexical_block
     229                            .dwattr $C$DW$19, DW_AT_low_pc(0x00)
     230                            .dwattr $C$DW$19, DW_AT_high_pc(0x00)
     231                    $C$DW$20        .dwtag  DW_TAG_variable
     232                            .dwattr $C$DW$20, DW_AT_name("TimeString")
     233                            .dwattr $C$DW$20, DW_AT_TI_symbol_name("TimeString")
     234                            .dwattr $C$DW$20, DW_AT_type(*$C$DW$T$66)
     235                            .dwattr $C$DW$20, DW_AT_location[DW_OP_breg13 0]
     236                    
     237                            .dwpsn  file "../Tasks/Task_ReportSysTick.c",line 89,column 3,is_stmt,isa 1
     238 00000046 4815              LDR       A1, $C$CON5           ; [DPU_3_PIPE] |89|  ; [ORIG 16-BIT INS]
     239 00000048 6802              LDR       A3, [A1, #0]          ; [DPU_3_PIPE] |89|  ; [ORIG 16-BIT INS]
     240 0000004a A10C              ADR       A2, $C$SL1            ; [DPU_3_PIPE] |89|  ; [ORIG 16-BIT INS]
     241 0000004c 4668              MOV       A1, SP                ; [DPU_3_PIPE] |89|  ; [ORIG 16-BIT INS]
     242                    $C$DW$21        .dwtag  DW_TAG_TI_branch
     243                            .dwattr $C$DW$21, DW_AT_low_pc(0x00)
     244                            .dwattr $C$DW$21, DW_AT_name("sprintf")
     245                            .dwattr $C$DW$21, DW_AT_TI_call
     246                    
     247 0000004e FFFEF7FF!         BL        sprintf               ; [DPU_3_PIPE] |89|  ; [KEEP 32-BIT INS]
     248                            ; CALL OCCURS {sprintf }         ; [] |89| 
     249 00000052 4913              LDR       A2, $C$CON6           ; [DPU_3_PIPE] |89|  ; [ORIG 16-BIT INS]
     250 00000054 6008              STR       A1, [A2, #0]          ; [DPU_3_PIPE] |89|  ; [ORIG 16-BIT INS]
     251                            .dwpsn  file "../Tasks/Task_ReportSysTick.c",line 90,column 3,is_stmt,isa 1
     252 00000056 4812              LDR       A1, $C$CON6           ; [DPU_3_PIPE] |90|  ; [ORIG 16-BIT INS]
     253 00000058 4911              LDR       A2, $C$CON6           ; [DPU_3_PIPE] |90|  ; [ORIG 16-BIT INS]
     254 0000005a 6800              LDR       A1, [A1, #0]          ; [DPU_3_PIPE] |90|  ; [ORIG 16-BIT INS]
     255 0000005c 6008              STR       A1, [A2, #0]          ; [DPU_3_PIPE] |90|  ; [ORIG 16-BIT INS]
     256                            .dwpsn  file "../Tasks/Task_ReportSysTick.c",line 92,column 6,is_stmt,isa 1
     257 0000005e 220C              MOVS      A3, #12               ; [DPU_3_PIPE] |92|  ; [ORIG 16-BIT INS]
     258 00000060 230F              MOVS      A4, #15               ; [DPU_3_PIPE] |92|  ; [ORIG 16-BIT INS]
     259 00000062 2100              MOVS      A2, #0                ; [DPU_3_PIPE] |92|  ; [ORIG 16-BIT INS]
     260 00000064 4668              MOV       A1, SP                ; [DPU_3_PIPE] |92|  ; [ORIG 16-BIT INS]
     261                    $C$DW$22        .dwtag  DW_TAG_TI_branch
     262                            .dwattr $C$DW$22, DW_AT_low_pc(0x00)
     263                            .dwattr $C$DW$22, DW_AT_name("RIT128x96x4StringDraw")
     264                            .dwattr $C$DW$22, DW_AT_TI_call
     265                    
     266 00000066 FFFEF7FF!         BL        RIT128x96x4StringDraw ; [DPU_3_PIPE] |92|  ; [KEEP 32-BIT INS]
     267                            ; CALL OCCURS {RIT128x96x4StringDraw }  ; [] |92| 
     268                            .dwpsn  file "../Tasks/Task_ReportSysTick.c",line 98,column 9,is_stmt,isa 1
     269 0000006a 490C              LDR       A2, $C$CON5           ; [DPU_3_PIPE] |98|  ; [ORIG 16-BIT INS]
     270 0000006c 4808              LDR       A1, $C$CON2           ; [DPU_3_PIPE] |98|  ; [ORIG 16-BIT INS]
     271 0000006e 680A              LDR       A3, [A2, #0]          ; [DPU_3_PIPE] |98|  ; [ORIG 16-BIT INS]
     272 00000070 6800              LDR       A1, [A1, #0]          ; [DPU_3_PIPE] |98|  ; [ORIG 16-BIT INS]
     273 00000072 4909              LDR       A2, $C$CON4           ; [DPU_3_PIPE] |98|  ; [ORIG 16-BIT INS]
     274 00000074 1880              ADDS      A1, A1, A3            ; [DPU_3_PIPE] |98|  ; [ORIG 16-BIT INS]
     275 00000076 6008              STR       A1, [A2, #0]          ; [DPU_3_PIPE] |98|  ; [ORIG 16-BIT INS]
TI ARM Assembler PC v15.12.1 Mon Jan 30 16:29:48 2017

Tools Copyright (c) 1996-2015 Texas Instruments Incorporated
Task_ReportSysTick.asm                                               PAGE    6

     276                            .dwendtag $C$DW$19
     277                    
     278                            .dwpsn  file "../Tasks/Task_ReportSysTick.c",line 101,column 1,is_stmt,isa 1
     279                    ;* --------------------------------------------------------------------------*
     280 00000078           ||$C$L2||:    
     281 00000078 B007              ADD       SP, SP, #28           ; [DPU_3_PIPE]  ; [ORIG 16-BIT INS]
     282                            .dwcfi  cfa_offset, 4
     283                    $C$DW$23        .dwtag  DW_TAG_TI_branch
     284                            .dwattr $C$DW$23, DW_AT_low_pc(0x00)
     285                            .dwattr $C$DW$23, DW_AT_TI_return
     286                    
     287 0000007a BD00              POP       {PC}                  ; [DPU_3_PIPE]  ; [ORIG 16-BIT INS]
     288                            .dwcfi  cfa_offset, 0
     289                            ; BRANCH OCCURS                  ; [] 
     290                            .dwattr $C$DW$17, DW_AT_TI_end_file("../Tasks/Task_ReportSysTick.c")
     291                            .dwattr $C$DW$17, DW_AT_TI_end_line(0x65)
     292                            .dwattr $C$DW$17, DW_AT_TI_end_column(0x01)
     293                            .dwendentry
     294                            .dwendtag $C$DW$17
     295                    
     296                    ;******************************************************************************
     297                    ;* STRINGS                                                                    *
     298                    ;******************************************************************************
     299 0000007c                   .sect   ".text"
     300                            .align  4
     301 0000007c 54        ||$C$SL1||:     .string "Task_Blinky: %d",0
         0000007d 61       
         0000007e 73       
         0000007f 6B       
         00000080 5F       
         00000081 42       
         00000082 6C       
         00000083 69       
         00000084 6E       
         00000085 6B       
         00000086 79       
         00000087 3A       
         00000088 20       
         00000089 25       
         0000008a 64       
         0000008b 00       
     302                    ;******************************************************************************
     303                    ;* CONSTANT TABLE                                                             *
     304                    ;******************************************************************************
     305 0000008c                   .sect   ".text"
     306                            .align  4
     307 0000008c 00000000! ||$C$CON1||:    .bits   Task_ReportSysTick_Initialized,32
     308                            .align  4
     309 00000090 00000000! ||$C$CON2||:    .bits   Task_ReportSysTick_DeltaExecute,32
     310                            .align  4
     311 00000094 00000000! ||$C$CON3||:    .bits   SysTickFrequency_Nbr,32
     312                            .align  4
     313 00000098 00000000! ||$C$CON4||:    .bits   Task_ReportSysTick_NextExecute,32
     314                            .align  4
     315 0000009c 00000000! ||$C$CON5||:    .bits   SysTickCount_Nbr,32
TI ARM Assembler PC v15.12.1 Mon Jan 30 16:29:48 2017

Tools Copyright (c) 1996-2015 Texas Instruments Incorporated
Task_ReportSysTick.asm                                               PAGE    7

     316                            .align  4
     317 000000a0 00000000! ||$C$CON6||:    .bits   Task_ReportSysTick_Status,32
     318                    ;*****************************************************************************
     319                    ;* UNDEFINED EXTERNAL REFERENCES                                             *
     320                    ;*****************************************************************************
     321                            .global RIT128x96x4StringDraw
     322                            .global sprintf
     323                            .global Initialize_OLED
     324                            .global SysTickFrequency_Nbr
     325                            .global SysTickCount_Nbr
     326                    
     327                    ;******************************************************************************
     328                    ;* BUILD ATTRIBUTES                                                           *
     329                    ;******************************************************************************
     330                            .battr "aeabi", Tag_File, 1, Tag_ABI_PCS_wchar_t(2)
     331                            .battr "aeabi", Tag_File, 1, Tag_ABI_FP_rounding(0)
     332                            .battr "aeabi", Tag_File, 1, Tag_ABI_FP_denormal(0)
     333                            .battr "aeabi", Tag_File, 1, Tag_ABI_FP_exceptions(0)
     334                            .battr "aeabi", Tag_File, 1, Tag_ABI_FP_number_model(1)
     335                            .battr "aeabi", Tag_File, 1, Tag_ABI_enum_size(0)
     336                            .battr "aeabi", Tag_File, 1, Tag_ABI_optimization_goals(5)
     337                            .battr "aeabi", Tag_File, 1, Tag_ABI_FP_optimization_goals(0)
     338                            .battr "TI", Tag_File, 1, Tag_Bitfield_layout(2)
     339                            .battr "TI", Tag_File, 1, Tag_FP_interface(1)
     340                    
     341                    ;******************************************************************************
     342                    ;* TYPE INFORMATION                                                           *
     343                    ;******************************************************************************
     344                    
     345                    $C$DW$T$20      .dwtag  DW_TAG_structure_type
     346                            .dwattr $C$DW$T$20, DW_AT_byte_size(0x18)
     347                    $C$DW$24        .dwtag  DW_TAG_member
     348                            .dwattr $C$DW$24, DW_AT_type(*$C$DW$T$10)
     349                            .dwattr $C$DW$24, DW_AT_name("fd")
     350                            .dwattr $C$DW$24, DW_AT_TI_symbol_name("fd")
     351                            .dwattr $C$DW$24, DW_AT_data_member_location[DW_OP_plus_uconst 0x0]
     352                            .dwattr $C$DW$24, DW_AT_accessibility(DW_ACCESS_public)
     353                            .dwattr $C$DW$24, DW_AT_decl_file("C:/TI_CodeComposer/ccsv6/tools/compiler/ti-cgt-arm_15.12.1.
     354                            .dwattr $C$DW$24, DW_AT_decl_line(0x5c)
     355                            .dwattr $C$DW$24, DW_AT_decl_column(0x0b)
     356                    
     357                    $C$DW$25        .dwtag  DW_TAG_member
     358                            .dwattr $C$DW$25, DW_AT_type(*$C$DW$T$19)
     359                            .dwattr $C$DW$25, DW_AT_name("buf")
     360                            .dwattr $C$DW$25, DW_AT_TI_symbol_name("buf")
     361                            .dwattr $C$DW$25, DW_AT_data_member_location[DW_OP_plus_uconst 0x4]
     362                            .dwattr $C$DW$25, DW_AT_accessibility(DW_ACCESS_public)
     363                            .dwattr $C$DW$25, DW_AT_decl_file("C:/TI_CodeComposer/ccsv6/tools/compiler/ti-cgt-arm_15.12.1.
     364                            .dwattr $C$DW$25, DW_AT_decl_line(0x5d)
     365                            .dwattr $C$DW$25, DW_AT_decl_column(0x16)
     366                    
     367                    $C$DW$26        .dwtag  DW_TAG_member
     368                            .dwattr $C$DW$26, DW_AT_type(*$C$DW$T$19)
     369                            .dwattr $C$DW$26, DW_AT_name("pos")
     370                            .dwattr $C$DW$26, DW_AT_TI_symbol_name("pos")
TI ARM Assembler PC v15.12.1 Mon Jan 30 16:29:48 2017

Tools Copyright (c) 1996-2015 Texas Instruments Incorporated
Task_ReportSysTick.asm                                               PAGE    8

     371                            .dwattr $C$DW$26, DW_AT_data_member_location[DW_OP_plus_uconst 0x8]
     372                            .dwattr $C$DW$26, DW_AT_accessibility(DW_ACCESS_public)
     373                            .dwattr $C$DW$26, DW_AT_decl_file("C:/TI_CodeComposer/ccsv6/tools/compiler/ti-cgt-arm_15.12.1.
     374                            .dwattr $C$DW$26, DW_AT_decl_line(0x5e)
     375                            .dwattr $C$DW$26, DW_AT_decl_column(0x16)
     376                    
     377                    $C$DW$27        .dwtag  DW_TAG_member
     378                            .dwattr $C$DW$27, DW_AT_type(*$C$DW$T$19)
     379                            .dwattr $C$DW$27, DW_AT_name("bufend")
     380                            .dwattr $C$DW$27, DW_AT_TI_symbol_name("bufend")
     381                            .dwattr $C$DW$27, DW_AT_data_member_location[DW_OP_plus_uconst 0xc]
     382                            .dwattr $C$DW$27, DW_AT_accessibility(DW_ACCESS_public)
     383                            .dwattr $C$DW$27, DW_AT_decl_file("C:/TI_CodeComposer/ccsv6/tools/compiler/ti-cgt-arm_15.12.1.
     384                            .dwattr $C$DW$27, DW_AT_decl_line(0x5f)
     385                            .dwattr $C$DW$27, DW_AT_decl_column(0x16)
     386                    
     387                    $C$DW$28        .dwtag  DW_TAG_member
     388                            .dwattr $C$DW$28, DW_AT_type(*$C$DW$T$19)
     389                            .dwattr $C$DW$28, DW_AT_name("buff_stop")
     390                            .dwattr $C$DW$28, DW_AT_TI_symbol_name("buff_stop")
     391                            .dwattr $C$DW$28, DW_AT_data_member_location[DW_OP_plus_uconst 0x10]
     392                            .dwattr $C$DW$28, DW_AT_accessibility(DW_ACCESS_public)
     393                            .dwattr $C$DW$28, DW_AT_decl_file("C:/TI_CodeComposer/ccsv6/tools/compiler/ti-cgt-arm_15.12.1.
     394                            .dwattr $C$DW$28, DW_AT_decl_line(0x60)
     395                            .dwattr $C$DW$28, DW_AT_decl_column(0x16)
     396                    
     397                    $C$DW$29        .dwtag  DW_TAG_member
     398                            .dwattr $C$DW$29, DW_AT_type(*$C$DW$T$11)
     399                            .dwattr $C$DW$29, DW_AT_name("flags")
     400                            .dwattr $C$DW$29, DW_AT_TI_symbol_name("flags")
     401                            .dwattr $C$DW$29, DW_AT_data_member_location[DW_OP_plus_uconst 0x14]
     402                            .dwattr $C$DW$29, DW_AT_accessibility(DW_ACCESS_public)
     403                            .dwattr $C$DW$29, DW_AT_decl_file("C:/TI_CodeComposer/ccsv6/tools/compiler/ti-cgt-arm_15.12.1.
     404                            .dwattr $C$DW$29, DW_AT_decl_line(0x61)
     405                            .dwattr $C$DW$29, DW_AT_decl_column(0x16)
     406                    
     407                            .dwattr $C$DW$T$20, DW_AT_decl_file("C:/TI_CodeComposer/ccsv6/tools/compiler/ti-cgt-arm_15.12.
     408                            .dwattr $C$DW$T$20, DW_AT_decl_line(0x5b)
     409                            .dwattr $C$DW$T$20, DW_AT_decl_column(0x10)
     410                            .dwendtag $C$DW$T$20
     411                    
     412                    $C$DW$T$22      .dwtag  DW_TAG_typedef
     413                            .dwattr $C$DW$T$22, DW_AT_name("FILE")
     414                            .dwattr $C$DW$T$22, DW_AT_type(*$C$DW$T$20)
     415                            .dwattr $C$DW$T$22, DW_AT_language(DW_LANG_C)
     416                            .dwattr $C$DW$T$22, DW_AT_decl_file("C:/TI_CodeComposer/ccsv6/tools/compiler/ti-cgt-arm_15.12.
     417                            .dwattr $C$DW$T$22, DW_AT_decl_line(0x62)
     418                            .dwattr $C$DW$T$22, DW_AT_decl_column(0x03)
     419                    
     420                    $C$DW$T$2       .dwtag  DW_TAG_unspecified_type
     421                            .dwattr $C$DW$T$2, DW_AT_name("void")
     422                    
     423                    $C$DW$T$3       .dwtag  DW_TAG_pointer_type
     424                            .dwattr $C$DW$T$3, DW_AT_type(*$C$DW$T$2)
     425                            .dwattr $C$DW$T$3, DW_AT_address_class(0x20)
TI ARM Assembler PC v15.12.1 Mon Jan 30 16:29:48 2017

Tools Copyright (c) 1996-2015 Texas Instruments Incorporated
Task_ReportSysTick.asm                                               PAGE    9

     426                    
     427                    $C$DW$T$4       .dwtag  DW_TAG_base_type
     428                            .dwattr $C$DW$T$4, DW_AT_encoding(DW_ATE_boolean)
     429                            .dwattr $C$DW$T$4, DW_AT_name("bool")
     430                            .dwattr $C$DW$T$4, DW_AT_byte_size(0x01)
     431                    
     432                    $C$DW$T$5       .dwtag  DW_TAG_base_type
     433                            .dwattr $C$DW$T$5, DW_AT_encoding(DW_ATE_signed_char)
     434                            .dwattr $C$DW$T$5, DW_AT_name("signed char")
     435                            .dwattr $C$DW$T$5, DW_AT_byte_size(0x01)
     436                    
     437                    $C$DW$T$30      .dwtag  DW_TAG_typedef
     438                            .dwattr $C$DW$T$30, DW_AT_name("int8_t")
     439                            .dwattr $C$DW$T$30, DW_AT_type(*$C$DW$T$5)
     440                            .dwattr $C$DW$T$30, DW_AT_language(DW_LANG_C)
     441                            .dwattr $C$DW$T$30, DW_AT_decl_file("C:/TI_CodeComposer/ccsv6/tools/compiler/ti-cgt-arm_15.12.
     442                            .dwattr $C$DW$T$30, DW_AT_decl_line(0x2a)
     443                            .dwattr $C$DW$T$30, DW_AT_decl_column(0x1d)
     444                    
     445                    $C$DW$T$31      .dwtag  DW_TAG_typedef
     446                            .dwattr $C$DW$T$31, DW_AT_name("int_least8_t")
     447                            .dwattr $C$DW$T$31, DW_AT_type(*$C$DW$T$30)
     448                            .dwattr $C$DW$T$31, DW_AT_language(DW_LANG_C)
     449                            .dwattr $C$DW$T$31, DW_AT_decl_file("C:/TI_CodeComposer/ccsv6/tools/compiler/ti-cgt-arm_15.12.
     450                            .dwattr $C$DW$T$31, DW_AT_decl_line(0x37)
     451                            .dwattr $C$DW$T$31, DW_AT_decl_column(0x17)
     452                    
     453                    $C$DW$T$6       .dwtag  DW_TAG_base_type
     454                            .dwattr $C$DW$T$6, DW_AT_encoding(DW_ATE_unsigned_char)
     455                            .dwattr $C$DW$T$6, DW_AT_name("unsigned char")
     456                            .dwattr $C$DW$T$6, DW_AT_byte_size(0x01)
     457                    
     458                    $C$DW$T$19      .dwtag  DW_TAG_pointer_type
     459                            .dwattr $C$DW$T$19, DW_AT_type(*$C$DW$T$6)
     460                            .dwattr $C$DW$T$19, DW_AT_address_class(0x20)
     461                    
     462                    $C$DW$T$32      .dwtag  DW_TAG_typedef
     463                            .dwattr $C$DW$T$32, DW_AT_name("tBoolean")
     464                            .dwattr $C$DW$T$32, DW_AT_type(*$C$DW$T$6)
     465                            .dwattr $C$DW$T$32, DW_AT_language(DW_LANG_C)
     466                            .dwattr $C$DW$T$32, DW_AT_decl_file("C:/TI_CodeComposer/StellarisWare-LM3S1968/inc/hw_types.h"
     467                            .dwattr $C$DW$T$32, DW_AT_decl_line(0x30)
     468                            .dwattr $C$DW$T$32, DW_AT_decl_column(0x17)
     469                    
     470                    $C$DW$T$33      .dwtag  DW_TAG_typedef
     471                            .dwattr $C$DW$T$33, DW_AT_name("uint8_t")
     472                            .dwattr $C$DW$T$33, DW_AT_type(*$C$DW$T$6)
     473                            .dwattr $C$DW$T$33, DW_AT_language(DW_LANG_C)
     474                            .dwattr $C$DW$T$33, DW_AT_decl_file("C:/TI_CodeComposer/ccsv6/tools/compiler/ti-cgt-arm_15.12.
     475                            .dwattr $C$DW$T$33, DW_AT_decl_line(0x2b)
     476                            .dwattr $C$DW$T$33, DW_AT_decl_column(0x1c)
     477                    
     478                    $C$DW$T$34      .dwtag  DW_TAG_typedef
     479                            .dwattr $C$DW$T$34, DW_AT_name("uint_least8_t")
     480                            .dwattr $C$DW$T$34, DW_AT_type(*$C$DW$T$33)
TI ARM Assembler PC v15.12.1 Mon Jan 30 16:29:48 2017

Tools Copyright (c) 1996-2015 Texas Instruments Incorporated
Task_ReportSysTick.asm                                               PAGE   10

     481                            .dwattr $C$DW$T$34, DW_AT_language(DW_LANG_C)
     482                            .dwattr $C$DW$T$34, DW_AT_decl_file("C:/TI_CodeComposer/ccsv6/tools/compiler/ti-cgt-arm_15.12.
     483                            .dwattr $C$DW$T$34, DW_AT_decl_line(0x38)
     484                            .dwattr $C$DW$T$34, DW_AT_decl_column(0x16)
     485                    
     486                    $C$DW$T$7       .dwtag  DW_TAG_base_type
     487                            .dwattr $C$DW$T$7, DW_AT_encoding(DW_ATE_signed_char)
     488                            .dwattr $C$DW$T$7, DW_AT_name("wchar_t")
     489                            .dwattr $C$DW$T$7, DW_AT_byte_size(0x02)
     490                    
     491                    $C$DW$T$8       .dwtag  DW_TAG_base_type
     492                            .dwattr $C$DW$T$8, DW_AT_encoding(DW_ATE_signed)
     493                            .dwattr $C$DW$T$8, DW_AT_name("short")
     494                            .dwattr $C$DW$T$8, DW_AT_byte_size(0x02)
     495                    
     496                    $C$DW$T$35      .dwtag  DW_TAG_typedef
     497                            .dwattr $C$DW$T$35, DW_AT_name("int16_t")
     498                            .dwattr $C$DW$T$35, DW_AT_type(*$C$DW$T$8)
     499                            .dwattr $C$DW$T$35, DW_AT_language(DW_LANG_C)
     500                            .dwattr $C$DW$T$35, DW_AT_decl_file("C:/TI_CodeComposer/ccsv6/tools/compiler/ti-cgt-arm_15.12.
     501                            .dwattr $C$DW$T$35, DW_AT_decl_line(0x2c)
     502                            .dwattr $C$DW$T$35, DW_AT_decl_column(0x1d)
     503                    
     504                    $C$DW$T$36      .dwtag  DW_TAG_typedef
     505                            .dwattr $C$DW$T$36, DW_AT_name("int_least16_t")
     506                            .dwattr $C$DW$T$36, DW_AT_type(*$C$DW$T$35)
     507                            .dwattr $C$DW$T$36, DW_AT_language(DW_LANG_C)
     508                            .dwattr $C$DW$T$36, DW_AT_decl_file("C:/TI_CodeComposer/ccsv6/tools/compiler/ti-cgt-arm_15.12.
     509                            .dwattr $C$DW$T$36, DW_AT_decl_line(0x3a)
     510                            .dwattr $C$DW$T$36, DW_AT_decl_column(0x17)
     511                    
     512                    $C$DW$T$9       .dwtag  DW_TAG_base_type
     513                            .dwattr $C$DW$T$9, DW_AT_encoding(DW_ATE_unsigned)
     514                            .dwattr $C$DW$T$9, DW_AT_name("unsigned short")
     515                            .dwattr $C$DW$T$9, DW_AT_byte_size(0x02)
     516                    
     517                    $C$DW$T$37      .dwtag  DW_TAG_typedef
     518                            .dwattr $C$DW$T$37, DW_AT_name("uint16_t")
     519                            .dwattr $C$DW$T$37, DW_AT_type(*$C$DW$T$9)
     520                            .dwattr $C$DW$T$37, DW_AT_language(DW_LANG_C)
     521                            .dwattr $C$DW$T$37, DW_AT_decl_file("C:/TI_CodeComposer/ccsv6/tools/compiler/ti-cgt-arm_15.12.
     522                            .dwattr $C$DW$T$37, DW_AT_decl_line(0x2d)
     523                            .dwattr $C$DW$T$37, DW_AT_decl_column(0x1c)
     524                    
     525                    $C$DW$T$38      .dwtag  DW_TAG_typedef
     526                            .dwattr $C$DW$T$38, DW_AT_name("uint_least16_t")
     527                            .dwattr $C$DW$T$38, DW_AT_type(*$C$DW$T$37)
     528                            .dwattr $C$DW$T$38, DW_AT_language(DW_LANG_C)
     529                            .dwattr $C$DW$T$38, DW_AT_decl_file("C:/TI_CodeComposer/ccsv6/tools/compiler/ti-cgt-arm_15.12.
     530                            .dwattr $C$DW$T$38, DW_AT_decl_line(0x3b)
     531                            .dwattr $C$DW$T$38, DW_AT_decl_column(0x16)
     532                    
     533                    $C$DW$T$39      .dwtag  DW_TAG_typedef
     534                            .dwattr $C$DW$T$39, DW_AT_name("wchar_t")
     535                            .dwattr $C$DW$T$39, DW_AT_type(*$C$DW$T$9)
TI ARM Assembler PC v15.12.1 Mon Jan 30 16:29:48 2017

Tools Copyright (c) 1996-2015 Texas Instruments Incorporated
Task_ReportSysTick.asm                                               PAGE   11

     536                            .dwattr $C$DW$T$39, DW_AT_language(DW_LANG_C)
     537                            .dwattr $C$DW$T$39, DW_AT_decl_file("C:/TI_CodeComposer/ccsv6/tools/compiler/ti-cgt-arm_15.12.
     538                            .dwattr $C$DW$T$39, DW_AT_decl_line(0x41)
     539                            .dwattr $C$DW$T$39, DW_AT_decl_column(0x1a)
     540                    
     541                    $C$DW$T$10      .dwtag  DW_TAG_base_type
     542                            .dwattr $C$DW$T$10, DW_AT_encoding(DW_ATE_signed)
     543                            .dwattr $C$DW$T$10, DW_AT_name("int")
     544                            .dwattr $C$DW$T$10, DW_AT_byte_size(0x04)
     545                    
     546                    $C$DW$T$43      .dwtag  DW_TAG_typedef
     547                            .dwattr $C$DW$T$43, DW_AT_name("int32_t")
     548                            .dwattr $C$DW$T$43, DW_AT_type(*$C$DW$T$10)
     549                            .dwattr $C$DW$T$43, DW_AT_language(DW_LANG_C)
     550                            .dwattr $C$DW$T$43, DW_AT_decl_file("C:/TI_CodeComposer/ccsv6/tools/compiler/ti-cgt-arm_15.12.
     551                            .dwattr $C$DW$T$43, DW_AT_decl_line(0x2e)
     552                            .dwattr $C$DW$T$43, DW_AT_decl_column(0x1d)
     553                    
     554                    $C$DW$T$44      .dwtag  DW_TAG_typedef
     555                            .dwattr $C$DW$T$44, DW_AT_name("int_fast16_t")
     556                            .dwattr $C$DW$T$44, DW_AT_type(*$C$DW$T$43)
     557                            .dwattr $C$DW$T$44, DW_AT_language(DW_LANG_C)
     558                            .dwattr $C$DW$T$44, DW_AT_decl_file("C:/TI_CodeComposer/ccsv6/tools/compiler/ti-cgt-arm_15.12.
     559                            .dwattr $C$DW$T$44, DW_AT_decl_line(0x47)
     560                            .dwattr $C$DW$T$44, DW_AT_decl_column(0x17)
     561                    
     562                    $C$DW$T$45      .dwtag  DW_TAG_typedef
     563                            .dwattr $C$DW$T$45, DW_AT_name("int_fast32_t")
     564                            .dwattr $C$DW$T$45, DW_AT_type(*$C$DW$T$43)
     565                            .dwattr $C$DW$T$45, DW_AT_language(DW_LANG_C)
     566                            .dwattr $C$DW$T$45, DW_AT_decl_file("C:/TI_CodeComposer/ccsv6/tools/compiler/ti-cgt-arm_15.12.
     567                            .dwattr $C$DW$T$45, DW_AT_decl_line(0x4a)
     568                            .dwattr $C$DW$T$45, DW_AT_decl_column(0x17)
     569                    
     570                    $C$DW$T$46      .dwtag  DW_TAG_typedef
     571                            .dwattr $C$DW$T$46, DW_AT_name("int_fast8_t")
     572                            .dwattr $C$DW$T$46, DW_AT_type(*$C$DW$T$43)
     573                            .dwattr $C$DW$T$46, DW_AT_language(DW_LANG_C)
     574                            .dwattr $C$DW$T$46, DW_AT_decl_file("C:/TI_CodeComposer/ccsv6/tools/compiler/ti-cgt-arm_15.12.
     575                            .dwattr $C$DW$T$46, DW_AT_decl_line(0x45)
     576                            .dwattr $C$DW$T$46, DW_AT_decl_column(0x17)
     577                    
     578                    $C$DW$T$47      .dwtag  DW_TAG_typedef
     579                            .dwattr $C$DW$T$47, DW_AT_name("int_least32_t")
     580                            .dwattr $C$DW$T$47, DW_AT_type(*$C$DW$T$43)
     581                            .dwattr $C$DW$T$47, DW_AT_language(DW_LANG_C)
     582                            .dwattr $C$DW$T$47, DW_AT_decl_file("C:/TI_CodeComposer/ccsv6/tools/compiler/ti-cgt-arm_15.12.
     583                            .dwattr $C$DW$T$47, DW_AT_decl_line(0x3c)
     584                            .dwattr $C$DW$T$47, DW_AT_decl_column(0x17)
     585                    
     586                    $C$DW$T$48      .dwtag  DW_TAG_typedef
     587                            .dwattr $C$DW$T$48, DW_AT_name("intptr_t")
     588                            .dwattr $C$DW$T$48, DW_AT_type(*$C$DW$T$10)
     589                            .dwattr $C$DW$T$48, DW_AT_language(DW_LANG_C)
     590                            .dwattr $C$DW$T$48, DW_AT_decl_file("C:/TI_CodeComposer/ccsv6/tools/compiler/ti-cgt-arm_15.12.
TI ARM Assembler PC v15.12.1 Mon Jan 30 16:29:48 2017

Tools Copyright (c) 1996-2015 Texas Instruments Incorporated
Task_ReportSysTick.asm                                               PAGE   12

     591                            .dwattr $C$DW$T$48, DW_AT_decl_line(0x52)
     592                            .dwattr $C$DW$T$48, DW_AT_decl_column(0x1a)
     593                    
     594                    $C$DW$T$49      .dwtag  DW_TAG_typedef
     595                            .dwattr $C$DW$T$49, DW_AT_name("ptrdiff_t")
     596                            .dwattr $C$DW$T$49, DW_AT_type(*$C$DW$T$10)
     597                            .dwattr $C$DW$T$49, DW_AT_language(DW_LANG_C)
     598                            .dwattr $C$DW$T$49, DW_AT_decl_file("C:/TI_CodeComposer/ccsv6/tools/compiler/ti-cgt-arm_15.12.
     599                            .dwattr $C$DW$T$49, DW_AT_decl_line(0x36)
     600                            .dwattr $C$DW$T$49, DW_AT_decl_column(0x1c)
     601                    
     602                    $C$DW$T$11      .dwtag  DW_TAG_base_type
     603                            .dwattr $C$DW$T$11, DW_AT_encoding(DW_ATE_unsigned)
     604                            .dwattr $C$DW$T$11, DW_AT_name("unsigned int")
     605                            .dwattr $C$DW$T$11, DW_AT_byte_size(0x04)
     606                    
     607                    $C$DW$T$50      .dwtag  DW_TAG_typedef
     608                            .dwattr $C$DW$T$50, DW_AT_name("size_t")
     609                            .dwattr $C$DW$T$50, DW_AT_type(*$C$DW$T$11)
     610                            .dwattr $C$DW$T$50, DW_AT_language(DW_LANG_C)
     611                            .dwattr $C$DW$T$50, DW_AT_decl_file("C:/TI_CodeComposer/ccsv6/tools/compiler/ti-cgt-arm_15.12.
     612                            .dwattr $C$DW$T$50, DW_AT_decl_line(0x3a)
     613                            .dwattr $C$DW$T$50, DW_AT_decl_column(0x19)
     614                    
     615                    $C$DW$T$51      .dwtag  DW_TAG_typedef
     616                            .dwattr $C$DW$T$51, DW_AT_name("uint32_t")
     617                            .dwattr $C$DW$T$51, DW_AT_type(*$C$DW$T$11)
     618                            .dwattr $C$DW$T$51, DW_AT_language(DW_LANG_C)
     619                            .dwattr $C$DW$T$51, DW_AT_decl_file("C:/TI_CodeComposer/ccsv6/tools/compiler/ti-cgt-arm_15.12.
     620                            .dwattr $C$DW$T$51, DW_AT_decl_line(0x2f)
     621                            .dwattr $C$DW$T$51, DW_AT_decl_column(0x1c)
     622                    
     623                    $C$DW$T$52      .dwtag  DW_TAG_typedef
     624                            .dwattr $C$DW$T$52, DW_AT_name("uint_fast16_t")
     625                            .dwattr $C$DW$T$52, DW_AT_type(*$C$DW$T$51)
     626                            .dwattr $C$DW$T$52, DW_AT_language(DW_LANG_C)
     627                            .dwattr $C$DW$T$52, DW_AT_decl_file("C:/TI_CodeComposer/ccsv6/tools/compiler/ti-cgt-arm_15.12.
     628                            .dwattr $C$DW$T$52, DW_AT_decl_line(0x48)
     629                            .dwattr $C$DW$T$52, DW_AT_decl_column(0x16)
     630                    
     631                    $C$DW$T$53      .dwtag  DW_TAG_typedef
     632                            .dwattr $C$DW$T$53, DW_AT_name("uint_fast32_t")
     633                            .dwattr $C$DW$T$53, DW_AT_type(*$C$DW$T$51)
     634                            .dwattr $C$DW$T$53, DW_AT_language(DW_LANG_C)
     635                            .dwattr $C$DW$T$53, DW_AT_decl_file("C:/TI_CodeComposer/ccsv6/tools/compiler/ti-cgt-arm_15.12.
     636                            .dwattr $C$DW$T$53, DW_AT_decl_line(0x4b)
     637                            .dwattr $C$DW$T$53, DW_AT_decl_column(0x16)
     638                    
     639                    $C$DW$T$54      .dwtag  DW_TAG_typedef
     640                            .dwattr $C$DW$T$54, DW_AT_name("uint_fast8_t")
     641                            .dwattr $C$DW$T$54, DW_AT_type(*$C$DW$T$51)
     642                            .dwattr $C$DW$T$54, DW_AT_language(DW_LANG_C)
     643                            .dwattr $C$DW$T$54, DW_AT_decl_file("C:/TI_CodeComposer/ccsv6/tools/compiler/ti-cgt-arm_15.12.
     644                            .dwattr $C$DW$T$54, DW_AT_decl_line(0x46)
     645                            .dwattr $C$DW$T$54, DW_AT_decl_column(0x16)
TI ARM Assembler PC v15.12.1 Mon Jan 30 16:29:48 2017

Tools Copyright (c) 1996-2015 Texas Instruments Incorporated
Task_ReportSysTick.asm                                               PAGE   13

     646                    
     647                    $C$DW$T$55      .dwtag  DW_TAG_typedef
     648                            .dwattr $C$DW$T$55, DW_AT_name("uint_least32_t")
     649                            .dwattr $C$DW$T$55, DW_AT_type(*$C$DW$T$51)
     650                            .dwattr $C$DW$T$55, DW_AT_language(DW_LANG_C)
     651                            .dwattr $C$DW$T$55, DW_AT_decl_file("C:/TI_CodeComposer/ccsv6/tools/compiler/ti-cgt-arm_15.12.
     652                            .dwattr $C$DW$T$55, DW_AT_decl_line(0x3d)
     653                            .dwattr $C$DW$T$55, DW_AT_decl_column(0x16)
     654                    
     655                    $C$DW$T$56      .dwtag  DW_TAG_typedef
     656                            .dwattr $C$DW$T$56, DW_AT_name("uintptr_t")
     657                            .dwattr $C$DW$T$56, DW_AT_type(*$C$DW$T$11)
     658                            .dwattr $C$DW$T$56, DW_AT_language(DW_LANG_C)
     659                            .dwattr $C$DW$T$56, DW_AT_decl_file("C:/TI_CodeComposer/ccsv6/tools/compiler/ti-cgt-arm_15.12.
     660                            .dwattr $C$DW$T$56, DW_AT_decl_line(0x53)
     661                            .dwattr $C$DW$T$56, DW_AT_decl_column(0x1a)
     662                    
     663                    $C$DW$T$12      .dwtag  DW_TAG_base_type
     664                            .dwattr $C$DW$T$12, DW_AT_encoding(DW_ATE_signed)
     665                            .dwattr $C$DW$T$12, DW_AT_name("long")
     666                            .dwattr $C$DW$T$12, DW_AT_byte_size(0x04)
     667                    
     668                    $C$DW$T$57      .dwtag  DW_TAG_typedef
     669                            .dwattr $C$DW$T$57, DW_AT_name("fpos_t")
     670                            .dwattr $C$DW$T$57, DW_AT_type(*$C$DW$T$12)
     671                            .dwattr $C$DW$T$57, DW_AT_language(DW_LANG_C)
     672                            .dwattr $C$DW$T$57, DW_AT_decl_file("C:/TI_CodeComposer/ccsv6/tools/compiler/ti-cgt-arm_15.12.
     673                            .dwattr $C$DW$T$57, DW_AT_decl_line(0x6e)
     674                            .dwattr $C$DW$T$57, DW_AT_decl_column(0x0e)
     675                    
     676                    $C$DW$T$13      .dwtag  DW_TAG_base_type
     677                            .dwattr $C$DW$T$13, DW_AT_encoding(DW_ATE_unsigned)
     678                            .dwattr $C$DW$T$13, DW_AT_name("unsigned long")
     679                            .dwattr $C$DW$T$13, DW_AT_byte_size(0x04)
     680                    
     681                    $C$DW$T$14      .dwtag  DW_TAG_base_type
     682                            .dwattr $C$DW$T$14, DW_AT_encoding(DW_ATE_signed)
     683                            .dwattr $C$DW$T$14, DW_AT_name("long long")
     684                            .dwattr $C$DW$T$14, DW_AT_byte_size(0x08)
     685                    
     686                    $C$DW$T$58      .dwtag  DW_TAG_typedef
     687                            .dwattr $C$DW$T$58, DW_AT_name("int64_t")
     688                            .dwattr $C$DW$T$58, DW_AT_type(*$C$DW$T$14)
     689                            .dwattr $C$DW$T$58, DW_AT_language(DW_LANG_C)
     690                            .dwattr $C$DW$T$58, DW_AT_decl_file("C:/TI_CodeComposer/ccsv6/tools/compiler/ti-cgt-arm_15.12.
     691                            .dwattr $C$DW$T$58, DW_AT_decl_line(0x32)
     692                            .dwattr $C$DW$T$58, DW_AT_decl_column(0x21)
     693                    
     694                    $C$DW$T$59      .dwtag  DW_TAG_typedef
     695                            .dwattr $C$DW$T$59, DW_AT_name("int_fast64_t")
     696                            .dwattr $C$DW$T$59, DW_AT_type(*$C$DW$T$58)
     697                            .dwattr $C$DW$T$59, DW_AT_language(DW_LANG_C)
     698                            .dwattr $C$DW$T$59, DW_AT_decl_file("C:/TI_CodeComposer/ccsv6/tools/compiler/ti-cgt-arm_15.12.
     699                            .dwattr $C$DW$T$59, DW_AT_decl_line(0x4e)
     700                            .dwattr $C$DW$T$59, DW_AT_decl_column(0x17)
TI ARM Assembler PC v15.12.1 Mon Jan 30 16:29:48 2017

Tools Copyright (c) 1996-2015 Texas Instruments Incorporated
Task_ReportSysTick.asm                                               PAGE   14

     701                    
     702                    $C$DW$T$60      .dwtag  DW_TAG_typedef
     703                            .dwattr $C$DW$T$60, DW_AT_name("int_least64_t")
     704                            .dwattr $C$DW$T$60, DW_AT_type(*$C$DW$T$58)
     705                            .dwattr $C$DW$T$60, DW_AT_language(DW_LANG_C)
     706                            .dwattr $C$DW$T$60, DW_AT_decl_file("C:/TI_CodeComposer/ccsv6/tools/compiler/ti-cgt-arm_15.12.
     707                            .dwattr $C$DW$T$60, DW_AT_decl_line(0x40)
     708                            .dwattr $C$DW$T$60, DW_AT_decl_column(0x17)
     709                    
     710                    $C$DW$T$61      .dwtag  DW_TAG_typedef
     711                            .dwattr $C$DW$T$61, DW_AT_name("intmax_t")
     712                            .dwattr $C$DW$T$61, DW_AT_type(*$C$DW$T$14)
     713                            .dwattr $C$DW$T$61, DW_AT_language(DW_LANG_C)
     714                            .dwattr $C$DW$T$61, DW_AT_decl_file("C:/TI_CodeComposer/ccsv6/tools/compiler/ti-cgt-arm_15.12.
     715                            .dwattr $C$DW$T$61, DW_AT_decl_line(0x56)
     716                            .dwattr $C$DW$T$61, DW_AT_decl_column(0x20)
     717                    
     718                    $C$DW$T$15      .dwtag  DW_TAG_base_type
     719                            .dwattr $C$DW$T$15, DW_AT_encoding(DW_ATE_unsigned)
     720                            .dwattr $C$DW$T$15, DW_AT_name("unsigned long long")
     721                            .dwattr $C$DW$T$15, DW_AT_byte_size(0x08)
     722                    
     723                    $C$DW$T$62      .dwtag  DW_TAG_typedef
     724                            .dwattr $C$DW$T$62, DW_AT_name("uint64_t")
     725                            .dwattr $C$DW$T$62, DW_AT_type(*$C$DW$T$15)
     726                            .dwattr $C$DW$T$62, DW_AT_language(DW_LANG_C)
     727                            .dwattr $C$DW$T$62, DW_AT_decl_file("C:/TI_CodeComposer/ccsv6/tools/compiler/ti-cgt-arm_15.12.
     728                            .dwattr $C$DW$T$62, DW_AT_decl_line(0x33)
     729                            .dwattr $C$DW$T$62, DW_AT_decl_column(0x20)
     730                    
     731                    $C$DW$T$63      .dwtag  DW_TAG_typedef
     732                            .dwattr $C$DW$T$63, DW_AT_name("uint_fast64_t")
     733                            .dwattr $C$DW$T$63, DW_AT_type(*$C$DW$T$62)
     734                            .dwattr $C$DW$T$63, DW_AT_language(DW_LANG_C)
     735                            .dwattr $C$DW$T$63, DW_AT_decl_file("C:/TI_CodeComposer/ccsv6/tools/compiler/ti-cgt-arm_15.12.
     736                            .dwattr $C$DW$T$63, DW_AT_decl_line(0x4f)
     737                            .dwattr $C$DW$T$63, DW_AT_decl_column(0x16)
     738                    
     739                    $C$DW$T$64      .dwtag  DW_TAG_typedef
     740                            .dwattr $C$DW$T$64, DW_AT_name("uint_least64_t")
     741                            .dwattr $C$DW$T$64, DW_AT_type(*$C$DW$T$62)
     742                            .dwattr $C$DW$T$64, DW_AT_language(DW_LANG_C)
     743                            .dwattr $C$DW$T$64, DW_AT_decl_file("C:/TI_CodeComposer/ccsv6/tools/compiler/ti-cgt-arm_15.12.
     744                            .dwattr $C$DW$T$64, DW_AT_decl_line(0x41)
     745                            .dwattr $C$DW$T$64, DW_AT_decl_column(0x16)
     746                    
     747                    $C$DW$T$65      .dwtag  DW_TAG_typedef
     748                            .dwattr $C$DW$T$65, DW_AT_name("uintmax_t")
     749                            .dwattr $C$DW$T$65, DW_AT_type(*$C$DW$T$15)
     750                            .dwattr $C$DW$T$65, DW_AT_language(DW_LANG_C)
     751                            .dwattr $C$DW$T$65, DW_AT_decl_file("C:/TI_CodeComposer/ccsv6/tools/compiler/ti-cgt-arm_15.12.
     752                            .dwattr $C$DW$T$65, DW_AT_decl_line(0x57)
     753                            .dwattr $C$DW$T$65, DW_AT_decl_column(0x20)
     754                    
     755                    $C$DW$T$16      .dwtag  DW_TAG_base_type
TI ARM Assembler PC v15.12.1 Mon Jan 30 16:29:48 2017

Tools Copyright (c) 1996-2015 Texas Instruments Incorporated
Task_ReportSysTick.asm                                               PAGE   15

     756                            .dwattr $C$DW$T$16, DW_AT_encoding(DW_ATE_float)
     757                            .dwattr $C$DW$T$16, DW_AT_name("float")
     758                            .dwattr $C$DW$T$16, DW_AT_byte_size(0x04)
     759                    
     760                    $C$DW$T$17      .dwtag  DW_TAG_base_type
     761                            .dwattr $C$DW$T$17, DW_AT_encoding(DW_ATE_float)
     762                            .dwattr $C$DW$T$17, DW_AT_name("double")
     763                            .dwattr $C$DW$T$17, DW_AT_byte_size(0x08)
     764                    
     765                    $C$DW$T$18      .dwtag  DW_TAG_base_type
     766                            .dwattr $C$DW$T$18, DW_AT_encoding(DW_ATE_float)
     767                            .dwattr $C$DW$T$18, DW_AT_name("long double")
     768                            .dwattr $C$DW$T$18, DW_AT_byte_size(0x08)
     769                    
     770                    $C$DW$T$24      .dwtag  DW_TAG_const_type
     771                            .dwattr $C$DW$T$24, DW_AT_type(*$C$DW$T$6)
     772                    
     773                    $C$DW$T$25      .dwtag  DW_TAG_pointer_type
     774                            .dwattr $C$DW$T$25, DW_AT_type(*$C$DW$T$24)
     775                            .dwattr $C$DW$T$25, DW_AT_address_class(0x20)
     776                    
     777                    $C$DW$T$40      .dwtag  DW_TAG_pointer_type
     778                            .dwattr $C$DW$T$40, DW_AT_type(*$C$DW$T$6)
     779                            .dwattr $C$DW$T$40, DW_AT_address_class(0x20)
     780                    
     781                    
     782                    $C$DW$T$66      .dwtag  DW_TAG_array_type
     783                            .dwattr $C$DW$T$66, DW_AT_type(*$C$DW$T$6)
     784                            .dwattr $C$DW$T$66, DW_AT_language(DW_LANG_C)
     785                            .dwattr $C$DW$T$66, DW_AT_byte_size(0x18)
     786                    $C$DW$30        .dwtag  DW_TAG_subrange_type
     787                            .dwattr $C$DW$30, DW_AT_upper_bound(0x17)
     788                    
     789                            .dwendtag $C$DW$T$66
     790                    
     791                    $C$DW$T$69      .dwtag  DW_TAG_base_type
     792                            .dwattr $C$DW$T$69, DW_AT_encoding(DW_ATE_unsigned_char)
     793                            .dwattr $C$DW$T$69, DW_AT_name("unsigned char")
     794                            .dwattr $C$DW$T$69, DW_AT_byte_size(0x01)
     795                    
     796                    
     797                    $C$DW$T$21      .dwtag  DW_TAG_structure_type
     798                            .dwattr $C$DW$T$21, DW_AT_name("__va_list")
     799                            .dwattr $C$DW$T$21, DW_AT_byte_size(0x04)
     800                    $C$DW$31        .dwtag  DW_TAG_member
     801                            .dwattr $C$DW$31, DW_AT_type(*$C$DW$T$3)
     802                            .dwattr $C$DW$31, DW_AT_name("__ap")
     803                            .dwattr $C$DW$31, DW_AT_TI_symbol_name("__ap")
     804                            .dwattr $C$DW$31, DW_AT_data_member_location[DW_OP_plus_uconst 0x0]
     805                            .dwattr $C$DW$31, DW_AT_accessibility(DW_ACCESS_public)
     806                            .dwattr $C$DW$31, DW_AT_decl_file("C:/TI_CodeComposer/ccsv6/tools/compiler/ti-cgt-arm_15.12.1.
     807                            .dwattr $C$DW$31, DW_AT_decl_line(0x38)
     808                            .dwattr $C$DW$31, DW_AT_decl_column(0x0c)
     809                    
     810                            .dwattr $C$DW$T$21, DW_AT_decl_file("C:/TI_CodeComposer/ccsv6/tools/compiler/ti-cgt-arm_15.12.
TI ARM Assembler PC v15.12.1 Mon Jan 30 16:29:48 2017

Tools Copyright (c) 1996-2015 Texas Instruments Incorporated
Task_ReportSysTick.asm                                               PAGE   16

     811                            .dwattr $C$DW$T$21, DW_AT_decl_line(0x37)
     812                            .dwattr $C$DW$T$21, DW_AT_decl_column(0x10)
     813                            .dwendtag $C$DW$T$21
     814                    
     815                    $C$DW$T$70      .dwtag  DW_TAG_typedef
     816                            .dwattr $C$DW$T$70, DW_AT_name("va_list")
     817                            .dwattr $C$DW$T$70, DW_AT_type(*$C$DW$T$21)
     818                            .dwattr $C$DW$T$70, DW_AT_language(DW_LANG_C)
     819                            .dwattr $C$DW$T$70, DW_AT_decl_file("C:/TI_CodeComposer/ccsv6/tools/compiler/ti-cgt-arm_15.12.
     820                            .dwattr $C$DW$T$70, DW_AT_decl_line(0x39)
     821                            .dwattr $C$DW$T$70, DW_AT_decl_column(0x03)
     822                    
     823                            .dwattr $C$DW$CU, DW_AT_language(DW_LANG_C)
     824                    
     825                    ;***************************************************************
     826                    ;* DWARF CIE ENTRIES                                           *
     827                    ;***************************************************************
     828                    
     829                    $C$DW$CIE       .dwcie 14
     830                            .dwcfi  cfa_register, 13
     831                            .dwcfi  cfa_offset, 0
     832                            .dwcfi  undefined, 0
     833                            .dwcfi  undefined, 1
     834                            .dwcfi  undefined, 2
     835                            .dwcfi  undefined, 3
     836                            .dwcfi  same_value, 4
     837                            .dwcfi  same_value, 5
     838                            .dwcfi  same_value, 6
     839                            .dwcfi  same_value, 7
     840                            .dwcfi  same_value, 8
     841                            .dwcfi  same_value, 9
     842                            .dwcfi  same_value, 10
     843                            .dwcfi  same_value, 11
     844                            .dwcfi  undefined, 12
     845                            .dwcfi  undefined, 13
     846                            .dwcfi  undefined, 14
     847                            .dwcfi  undefined, 14
     848                            .dwcfi  undefined, 7
     849                            .dwendentry
     850                            .dwendtag $C$DW$CU
     851                    

--------------------------
Thumb2 Statistics
--------------------------
Number of Thumb2 ins converted to Thumb = 0 (0%)
Number of Thumb ins in input = 52 (88%)
Number of Thumb2 ins encoded as Thumb2 = 7 (100%)
Number of Thumb2 ins converted to 2 OPND Thumb = 2


No Assembly Errors, No Assembly Warnings
